(2200, 256, 306)
padded size 320
iter 0, flow norm 0.00 wsize 256, rho 0.50, Lagrangian 3.3976e+05 2.5935e+05 1.2832e+05 Total 7.2743e+05 Time: 9.38 3.51 1.89 
iter 8, flow norm 28436.34 wsize 240, rho 4.00, Lagrangian 2.0313e+05 2.5318e+03 4.2218e+03 Total 2.0988e+05 Time: 5.82 2.17 1.99 
iter 16, flow norm 21297.91 wsize 224, rho 4.00, Lagrangian 1.7073e+05 1.6630e+03 3.2205e+03 Total 1.7562e+05 Time: 5.67 2.25 1.68 
iter 24, flow norm 19999.37 wsize 208, rho 4.00, Lagrangian 1.5348e+05 3.9456e+02 8.3097e+02 Total 1.5471e+05 Time: 5.61 2.27 1.74 
iter 32, flow norm 20264.92 wsize 192, rho 4.00, Lagrangian 1.3868e+05 -3.0267e+02 6.4032e+01 Total 1.3844e+05 Time: 5.61 2.25 1.79 
iter 40, flow norm 20002.89 wsize 176, rho 2.00, Lagrangian 1.1707e+05 -8.5948e+02 1.6051e+02 Total 1.1638e+05 Time: 5.61 2.26 1.76 
iter 48, flow norm 19941.36 wsize 160, rho 2.00, Lagrangian 1.0144e+05 -6.4473e+02 9.6801e+01 Total 1.0089e+05 Time: 5.46 2.37 1.74 
iter 56, flow norm 19912.65 wsize 144, rho 2.00, Lagrangian 9.0409e+04 -5.1613e+02 3.3626e+01 Total 8.9927e+04 Time: 6.18 2.69 1.85 
iter 64, flow norm 19574.47 wsize 128, rho 2.00, Lagrangian 8.2430e+04 -3.8017e+02 2.7992e+01 Total 8.2077e+04 Time: 5.40 2.33 1.76 
iter 72, flow norm 19133.54 wsize 112, rho 2.00, Lagrangian 7.6497e+04 -2.8125e+02 2.5230e+01 Total 7.6241e+04 Time: 5.41 2.29 1.79 
iter 80, flow norm 18610.26 wsize 96, rho 2.00, Lagrangian 7.1971e+04 -2.1229e+02 2.2505e+01 Total 7.1781e+04 Time: 5.55 2.30 1.73 
iter 88, flow norm 18065.97 wsize 80, rho 2.00, Lagrangian 6.8408e+04 -1.6661e+02 2.0783e+01 Total 6.8262e+04 Time: 5.44 2.33 1.78 
(2200, 512, 612)
padded size 640
iter 0, flow norm 67093.04 wsize 128, rho 0.50, Lagrangian 1.4072e+06 6.6247e+05 3.8131e+05 Total 2.4510e+06 Time: 26.77 9.83 6.49 
iter 8, flow norm 67048.77 wsize 112, rho 1.00, Lagrangian 4.1161e+05 -2.1694e+04 3.4417e+03 Total 3.9336e+05 Time: 25.48 9.68 6.34 
iter 16, flow norm 65671.65 wsize 96, rho 2.00, Lagrangian 3.1918e+05 -4.7358e+02 1.9103e+03 Total 3.2062e+05 Time: 25.20 9.24 6.63 
iter 24, flow norm 64512.78 wsize 80, rho 2.00, Lagrangian 2.9976e+05 5.6599e+02 1.4448e+03 Total 3.0177e+05 Time: 25.33 9.50 6.58 
iter 32, flow norm 62790.65 wsize 64, rho 4.00, Lagrangian 2.8958e+05 7.9085e+02 1.0032e+03 Total 2.9138e+05 Time: 25.31 9.17 6.50 
iter 40, flow norm 61283.27 wsize 48, rho 4.00, Lagrangian 2.8522e+05 5.2360e+02 6.3199e+02 Total 2.8638e+05 Time: 25.00 8.91 6.31 
(2200, 1024, 1224)
padded size 1280
iter 0, flow norm 231021.56 wsize 64, rho 0.50, Lagrangian 6.6132e+06 5.0824e+06 2.0775e+06 Total 1.3773e+07 Time: 101.47 41.06 27.73 
iter 8, flow norm 232760.92 wsize 48, rho 2.00, Lagrangian 3.7887e+06 -7.0301e+04 5.8350e+04 Total 3.7767e+06 Time: 98.40 39.90 28.93 
iter 16, flow norm 226127.05 wsize 32, rho 2.00, Lagrangian 3.1636e+06 3.4768e+04 6.2038e+04 Total 3.2604e+06 Time: 100.76 40.31 28.55 
(2200, 2048, 2448)
padded size 2560
iter 0, flow norm 901844.81 wsize 32, rho 0.50, Lagrangian 4.3434e+07 4.6050e+07 1.4174e+07 Total 1.0366e+08 Time: 418.23 204.59 139.13 
