(1400, 256, 306)
padded size 320
iter 0, flow norm 0.00 wsize 256, rho 0.50, Lagrangian 3.8911e+04 4.7921e+04 2.3849e+04 Total 1.1068e+05 Time: 4.02 2.66 1.32 
iter 8, flow norm 10232.02 wsize 240, rho 4.00, Lagrangian 4.3703e+04 6.7148e+02 9.0563e+02 Total 4.5280e+04 Time: 3.76 1.51 1.21 
iter 16, flow norm 4963.54 wsize 224, rho 4.00, Lagrangian 3.9183e+04 2.4728e+02 4.1997e+02 Total 3.9851e+04 Time: 3.88 1.49 1.12 
iter 24, flow norm 4495.95 wsize 208, rho 4.00, Lagrangian 3.6713e+04 -2.6716e+01 3.7010e+01 Total 3.6724e+04 Time: 3.75 1.52 1.20 
iter 32, flow norm 4533.95 wsize 192, rho 2.00, Lagrangian 3.3670e+04 -2.0554e+02 1.1600e+01 Total 3.3476e+04 Time: 3.64 1.60 1.22 
iter 40, flow norm 4518.87 wsize 176, rho 2.00, Lagrangian 3.0472e+04 -1.4431e+02 1.0128e+01 Total 3.0338e+04 Time: 3.62 1.58 1.21 
iter 48, flow norm 4504.18 wsize 160, rho 2.00, Lagrangian 2.8152e+04 -1.1147e+02 5.0921e+00 Total 2.8045e+04 Time: 3.60 1.60 1.20 
iter 56, flow norm 4478.63 wsize 144, rho 2.00, Lagrangian 2.6418e+04 -8.7640e+01 2.2647e+00 Total 2.6333e+04 Time: 3.57 1.54 1.20 
iter 64, flow norm 4451.71 wsize 128, rho 2.00, Lagrangian 2.5082e+04 -6.6422e+01 3.0791e+00 Total 2.5019e+04 Time: 3.56 1.57 1.18 
iter 72, flow norm 4440.17 wsize 112, rho 2.00, Lagrangian 2.4032e+04 -5.0222e+01 5.6026e+00 Total 2.3988e+04 Time: 3.54 1.56 1.19 
iter 80, flow norm 4449.47 wsize 96, rho 2.00, Lagrangian 2.3189e+04 -3.3102e+01 1.2255e+01 Total 2.3169e+04 Time: 3.60 1.56 1.24 
iter 88, flow norm 4483.60 wsize 80, rho 2.00, Lagrangian 2.2508e+04 -1.7246e+01 1.9709e+01 Total 2.2511e+04 Time: 3.62 1.58 1.11 
(1400, 512, 612)
padded size 640
iter 0, flow norm 15126.75 wsize 128, rho 0.50, Lagrangian 2.1587e+05 1.2006e+05 7.2937e+04 Total 4.0886e+05 Time: 17.71 5.55 4.33 
iter 8, flow norm 17011.74 wsize 112, rho 2.00, Lagrangian 1.4006e+05 2.8623e+02 8.6367e+02 Total 1.4121e+05 Time: 16.85 5.81 4.47 
iter 16, flow norm 14932.11 wsize 96, rho 4.00, Lagrangian 1.3290e+05 2.6654e+02 3.5907e+02 Total 1.3352e+05 Time: 16.24 5.70 4.51 
iter 24, flow norm 15082.18 wsize 80, rho 4.00, Lagrangian 1.2843e+05 6.0366e+02 7.0160e+02 Total 1.2974e+05 Time: 16.90 5.58 4.30 
iter 32, flow norm 14942.24 wsize 64, rho 4.00, Lagrangian 1.2501e+05 7.3244e+02 8.1037e+02 Total 1.2655e+05 Time: 16.71 5.44 4.35 
iter 40, flow norm 14819.54 wsize 48, rho 4.00, Lagrangian 1.2239e+05 7.0550e+02 7.5172e+02 Total 1.2385e+05 Time: 16.75 5.37 4.40 
(1400, 1024, 1224)
padded size 1280
iter 0, flow norm 68246.80 wsize 64, rho 0.50, Lagrangian 1.2534e+06 1.2331e+06 4.9127e+05 Total 2.9778e+06 Time: 68.53 26.01 17.65 
iter 8, flow norm 68361.46 wsize 48, rho 1.00, Lagrangian 1.4209e+06 -6.1701e+04 6.3629e+03 Total 1.3656e+06 Time: 63.56 25.32 18.06 
iter 16, flow norm 69427.87 wsize 32, rho 2.00, Lagrangian 1.2294e+06 6.2513e+01 5.7524e+03 Total 1.2352e+06 Time: 64.53 24.25 18.20 
(1400, 2048, 2448)
padded size 2560
iter 0, flow norm 293331.78 wsize 32, rho 0.50, Lagrangian 1.0319e+07 1.1397e+07 4.2625e+06 Total 2.5979e+07 Time: 274.11 114.57 89.53 
iter 8, flow norm 315499.03 wsize 16, rho 4.00, Lagrangian 1.7909e+07 7.6286e+05 8.5898e+05 Total 1.9531e+07 Time: 273.44 117.85 96.47 
